<?xml version="1.0" encoding="UTF-8"?>
<!-- Generated by org.testng.reporters.JUnitReportReporter -->
<testsuite hostname="Samdaniel" failures="0" tests="1" name="com.api.tests.FlightGraphQLTest" time="2.698" errors="0" timestamp="2025-06-27T18:21:28 IST" skipped="0">
  <testcase classname="com.api.tests.FlightGraphQLTest" name="testFlightQueryBasic" time="2.698"/>
</testsuite> <!-- com.api.tests.FlightGraphQLTest -->
