<?xml version="1.0" encoding="UTF-8"?>
<!-- Generated by org.testng.reporters.JUnitReportReporter -->
<testsuite hostname="Samdaniel" failures="0" tests="1" name="com.api.tests.FlightGraphQLTest" time="2.783" errors="0" timestamp="2025-06-30T15:43:33 IST" skipped="0">
  <testcase classname="com.api.tests.FlightGraphQLTest" name="testFlightQueryBasic" time="2.783"/>
</testsuite> <!-- com.api.tests.FlightGraphQLTest -->
